# Logfile created on Tue Jan 07 13:31:51 +0100 2014 by logger.rb/1.2.6
I, [2014-01-07T13:31:51.832419 #2381]  INFO -- : 0:  rake (10.1.1) from /Users/fannykarlberg/.rvm/gems/ruby-1.8.7-p374/specifications/rake-10.1.1.gemspec
I, [2014-01-07T13:31:51.832840 #2381]  INFO -- : 0:  i18n (0.6.9) from /Users/fannykarlberg/.rvm/gems/ruby-1.8.7-p374/specifications/i18n-0.6.9.gemspec
I, [2014-01-07T13:31:51.833233 #2381]  INFO -- : 0:  multi_json (1.8.2) from /Users/fannykarlberg/.rvm/gems/ruby-1.8.7-p374/specifications/multi_json-1.8.2.gemspec
I, [2014-01-07T13:31:53.253814 #2381]  INFO -- : 0:  activesupport (3.2.5) from /Users/fannykarlberg/.rvm/gems/ruby-1.8.7-p374/specifications/activesupport-3.2.5.gemspec
I, [2014-01-07T13:31:54.223883 #2381]  INFO -- : 0:  builder (3.0.4) from /Users/fannykarlberg/.rvm/gems/ruby-1.8.7-p374/specifications/builder-3.0.4.gemspec
I, [2014-01-07T13:31:55.268104 #2381]  INFO -- : 0:  activemodel (3.2.5) from /Users/fannykarlberg/.rvm/gems/ruby-1.8.7-p374/specifications/activemodel-3.2.5.gemspec
I, [2014-01-07T13:31:56.539058 #2381]  INFO -- : 0:  erubis (2.7.0) from /Users/fannykarlberg/.rvm/gems/ruby-1.8.7-p374/specifications/erubis-2.7.0.gemspec
I, [2014-01-07T13:31:57.634192 #2381]  INFO -- : 0:  journey (1.0.4) from /Users/fannykarlberg/.rvm/gems/ruby-1.8.7-p374/specifications/journey-1.0.4.gemspec
I, [2014-01-07T13:31:58.831995 #2381]  INFO -- : 0:  rack (1.4.5) from /Users/fannykarlberg/.rvm/gems/ruby-1.8.7-p374/specifications/rack-1.4.5.gemspec
I, [2014-01-07T13:32:00.075063 #2381]  INFO -- : 0:  rack-cache (1.2) from /Users/fannykarlberg/.rvm/gems/ruby-1.8.7-p374/specifications/rack-cache-1.2.gemspec
I, [2014-01-07T13:32:01.049111 #2381]  INFO -- : 0:  rack-test (0.6.2) from /Users/fannykarlberg/.rvm/gems/ruby-1.8.7-p374/specifications/rack-test-0.6.2.gemspec
I, [2014-01-07T13:32:01.995376 #2381]  INFO -- : 0:  hike (1.2.3) from /Users/fannykarlberg/.rvm/gems/ruby-1.8.7-p374/specifications/hike-1.2.3.gemspec
I, [2014-01-07T13:32:03.132190 #2381]  INFO -- : 0:  tilt (1.4.1) from /Users/fannykarlberg/.rvm/gems/ruby-1.8.7-p374/specifications/tilt-1.4.1.gemspec
I, [2014-01-07T13:32:04.147136 #2381]  INFO -- : 0:  sprockets (2.1.3) from /Users/fannykarlberg/.rvm/gems/ruby-1.8.7-p374/specifications/sprockets-2.1.3.gemspec
I, [2014-01-07T13:32:05.568974 #2381]  INFO -- : 0:  actionpack (3.2.5) from /Users/fannykarlberg/.rvm/gems/ruby-1.8.7-p374/specifications/actionpack-3.2.5.gemspec
I, [2014-01-07T13:32:06.702883 #2381]  INFO -- : 0:  mime-types (1.25.1) from /Users/fannykarlberg/.rvm/gems/ruby-1.8.7-p374/specifications/mime-types-1.25.1.gemspec
I, [2014-01-07T13:32:07.677657 #2381]  INFO -- : 0:  polyglot (0.3.3) from /Users/fannykarlberg/.rvm/gems/ruby-1.8.7-p374/specifications/polyglot-0.3.3.gemspec
I, [2014-01-07T13:32:08.814939 #2381]  INFO -- : 0:  treetop (1.4.15) from /Users/fannykarlberg/.rvm/gems/ruby-1.8.7-p374/specifications/treetop-1.4.15.gemspec
I, [2014-01-07T13:32:09.980478 #2381]  INFO -- : 0:  mail (2.4.4) from /Users/fannykarlberg/.rvm/gems/ruby-1.8.7-p374/specifications/mail-2.4.4.gemspec
I, [2014-01-07T13:32:10.958152 #2381]  INFO -- : 0:  actionmailer (3.2.5) from /Users/fannykarlberg/.rvm/gems/ruby-1.8.7-p374/specifications/actionmailer-3.2.5.gemspec
I, [2014-01-07T13:32:11.967743 #2381]  INFO -- : 0:  arel (3.0.3) from /Users/fannykarlberg/.rvm/gems/ruby-1.8.7-p374/specifications/arel-3.0.3.gemspec
I, [2014-01-07T13:32:11.968215 #2381]  INFO -- : 0:  tzinfo (0.3.38) from /Users/fannykarlberg/.rvm/gems/ruby-1.8.7-p374/specifications/tzinfo-0.3.38.gemspec
I, [2014-01-07T13:32:13.314719 #2381]  INFO -- : 0:  activerecord (3.2.5) from /Users/fannykarlberg/.rvm/gems/ruby-1.8.7-p374/specifications/activerecord-3.2.5.gemspec
I, [2014-01-07T13:32:14.368680 #2381]  INFO -- : 0:  activeresource (3.2.5) from /Users/fannykarlberg/.rvm/gems/ruby-1.8.7-p374/specifications/activeresource-3.2.5.gemspec
I, [2014-01-07T13:32:14.369179 #2381]  INFO -- : 0:  bundler (1.5.1) from /Users/fannykarlberg/.rvm/gems/ruby-1.8.7-p374/specifications/bundler-1.5.1.gemspec
I, [2014-01-07T13:32:15.392785 #2381]  INFO -- : 0:  coffee-script-source (1.6.3) from /Users/fannykarlberg/.rvm/gems/ruby-1.8.7-p374/specifications/coffee-script-source-1.6.3.gemspec
I, [2014-01-07T13:32:16.793843 #2381]  INFO -- : 0:  execjs (2.0.2) from /Users/fannykarlberg/.rvm/gems/ruby-1.8.7-p374/specifications/execjs-2.0.2.gemspec
I, [2014-01-07T13:32:17.766754 #2381]  INFO -- : 0:  coffee-script (2.2.0) from /Users/fannykarlberg/.rvm/gems/ruby-1.8.7-p374/specifications/coffee-script-2.2.0.gemspec
I, [2014-01-07T13:32:18.702376 #2381]  INFO -- : 0:  rack-ssl (1.3.3) from /Users/fannykarlberg/.rvm/gems/ruby-1.8.7-p374/specifications/rack-ssl-1.3.3.gemspec
I, [2014-01-07T13:32:18.702915 #2381]  INFO -- : 0:  json (1.8.1) from /Users/fannykarlberg/.rvm/gems/ruby-1.8.7-p374@global/specifications/json-1.8.1.gemspec
I, [2014-01-07T13:32:20.095550 #2381]  INFO -- : 0:  rdoc (3.12.2) from /Users/fannykarlberg/.rvm/gems/ruby-1.8.7-p374/specifications/rdoc-3.12.2.gemspec
I, [2014-01-07T13:32:21.169604 #2381]  INFO -- : 0:  thor (0.18.1) from /Users/fannykarlberg/.rvm/gems/ruby-1.8.7-p374/specifications/thor-0.18.1.gemspec
I, [2014-01-07T13:32:23.143271 #2381]  INFO -- : 0:  railties (3.2.5) from /Users/fannykarlberg/.rvm/gems/ruby-1.8.7-p374/specifications/railties-3.2.5.gemspec
I, [2014-01-07T13:32:24.070333 #2381]  INFO -- : 0:  coffee-rails (3.2.2) from /Users/fannykarlberg/.rvm/gems/ruby-1.8.7-p374/specifications/coffee-rails-3.2.2.gemspec
I, [2014-01-07T13:32:25.222082 #2381]  INFO -- : 0:  jquery-rails (3.0.4) from /Users/fannykarlberg/.rvm/gems/ruby-1.8.7-p374/specifications/jquery-rails-3.0.4.gemspec
I, [2014-01-07T13:32:26.181000 #2381]  INFO -- : 0:  rails (3.2.5) from /Users/fannykarlberg/.rvm/gems/ruby-1.8.7-p374/specifications/rails-3.2.5.gemspec
I, [2014-01-07T13:32:27.486173 #2381]  INFO -- : 0:  sass (3.2.13) from /Users/fannykarlberg/.rvm/gems/ruby-1.8.7-p374/specifications/sass-3.2.13.gemspec
I, [2014-01-07T13:32:28.634005 #2381]  INFO -- : 0:  sass-rails (3.2.4) from /Users/fannykarlberg/.rvm/gems/ruby-1.8.7-p374/specifications/sass-rails-3.2.4.gemspec
I, [2014-01-07T13:32:30.546404 #2381]  INFO -- : 0:  sqlite3 (1.3.5) from /Users/fannykarlberg/.rvm/gems/ruby-1.8.7-p374/specifications/sqlite3-1.3.5.gemspec
I, [2014-01-07T13:32:31.547843 #2381]  INFO -- : 0:  uglifier (1.2.3) from /Users/fannykarlberg/.rvm/gems/ruby-1.8.7-p374/specifications/uglifier-1.2.3.gemspec
